<?xml version="1.0" encoding="utf-8"?><testsuites name="pytest tests"><testsuite name="pytest" errors="0" failures="0" skipped="0" tests="9" time="4.761" timestamp="2026-04-22T20:21:55.704942+00:00" hostname="agent-env-64c18718-fdfb-47c5-b9dc-f228f012fbc3"><testcase classname="backend.tests.test_podcast_api.TestHealth" name="test_root" time="0.254" /><testcase classname="backend.tests.test_podcast_api.TestSearch" name="test_search_radiolab" time="0.339" /><testcase classname="backend.tests.test_podcast_api.TestSearch" name="test_search_empty_term_rejected" time="0.054" /><testcase classname="backend.tests.test_podcast_api.TestSearch" name="test_search_no_results_query" time="0.221" /><testcase classname="backend.tests.test_podcast_api.TestTop" name="test_top_default" time="1.406" /><testcase classname="backend.tests.test_podcast_api.TestTop" name="test_top_with_genre" time="0.606" /><testcase classname="backend.tests.test_podcast_api.TestFeed" name="test_feed_parse" time="1.562" /><testcase classname="backend.tests.test_podcast_api.TestFeed" name="test_feed_invalid_url" time="0.107" /><testcase classname="backend.tests.test_podcast_api.TestFeed" name="test_feed_missing_param" time="0.055" /></testsuite></testsuites>